[09:39:40] [main/WARN]: Ambiguity between arguments [teleport, destination] and [teleport, targets] with inputs: [Player, 0123, @e, dd12be42-52a9-4a91-a8a1-11c01849e498]
[09:39:40] [main/WARN]: Ambiguity between arguments [teleport, location] and [teleport, destination] with inputs: [0.1 -0.5 .9, 0 0 0]
[09:39:40] [main/WARN]: Ambiguity between arguments [teleport, location] and [teleport, targets] with inputs: [0.1 -0.5 .9, 0 0 0]
[09:39:40] [main/WARN]: Ambiguity between arguments [teleport, targets] and [teleport, destination] with inputs: [Player, 0123, dd12be42-52a9-4a91-a8a1-11c01849e498]
[09:39:40] [main/WARN]: Ambiguity between arguments [teleport, targets, location] and [teleport, targets, destination] with inputs: [0.1 -0.5 .9, 0 0 0]
[09:39:40] [Server thread/INFO]: Starting minecraft server version 1.14
[09:39:40] [Server thread/INFO]: Loading properties
[09:39:40] [Server thread/INFO]: Default game type: SURVIVAL
[09:39:40] [Server thread/INFO]: Generating keypair
[09:39:40] [Server thread/INFO]: Starting Minecraft server on 10.0.0.100:25565
[09:39:40] [Server thread/INFO]: Using default channel type
[09:39:41] [Server thread/WARN]: **** SERVER IS RUNNING IN OFFLINE/INSECURE MODE!
[09:39:41] [Server thread/WARN]: The server will make no attempt to authenticate usernames. Beware.
[09:39:41] [Server thread/WARN]: While this makes the game possible to play without internet access, it also opens up the ability for hackers to connect with any username they choose.
[09:39:41] [Server thread/WARN]: To change this, set "online-mode" to "true" in the server.properties file.
[09:39:41] [Server thread/INFO]: Preparing level "world"
[09:39:41] [Server thread/INFO]: Reloading ResourceManager: Default
[09:39:43] [Server thread/INFO]: Loaded 6 recipes
[09:39:46] [Server thread/INFO]: Loaded 811 advancements
[09:39:46] [Server thread/INFO]: Preparing start region for dimension minecraft:overworld
[09:39:46] [Server-Worker-6/INFO]: Preparing spawn area: 0%
[09:39:46] [Server-Worker-6/INFO]: Preparing spawn area: 0%
[09:39:47] [Server-Worker-4/INFO]: Preparing spawn area: 0%
[09:39:47] [Server-Worker-6/INFO]: Preparing spawn area: 0%
[09:39:48] [Server-Worker-1/INFO]: Preparing spawn area: 0%
[09:39:51] [Server-Worker-3/INFO]: Preparing spawn area: 5%
[09:39:51] [Server-Worker-3/INFO]: Preparing spawn area: 5%
[09:39:51] [Server-Worker-4/INFO]: Preparing spawn area: 5%
[09:39:51] [Server-Worker-4/INFO]: Preparing spawn area: 5%
[09:39:51] [Server-Worker-4/INFO]: Preparing spawn area: 5%
[09:39:51] [Server-Worker-4/INFO]: Preparing spawn area: 20%
[09:39:51] [Server thread/INFO]: Time elapsed: 5250 ms
[09:39:51] [Server thread/INFO]: Done (9.827s)! For help, type "help"
[09:39:58] [Server thread/INFO]: Made zST4N no longer a server operator
